[2025-10-15T09:42:49.882Z] info: buildTestAya: Dispatch requested
[2025-10-15T09:42:52.395Z] error: buildTestAya: API 401 error: Unauthorized
[2025-10-15T09:42:52.547Z] error: GitHub API: relative URL without a base
[2025-10-15T09:42:53.209Z] debug: buildTestAya: Cannot connect to Podman. Please verify your connection to the Linux system using `podman system connection list`, or try `podman machine init` and `podman machine start` to manage a new Linux VM
[2025-10-15T09:42:53.209Z] debug: buildTestAya: Cannot connect to Podman. Please verify your connection to the Linux system using `podman system connection list`, or try `podman machine init` and `podman machine start` to manage a new Linux VM
[2025-10-15T09:42:53.209Z] debug: buildTestAya: Cannot connect to Podman. Please verify your connection to the Linux system using `podman system connection list`, or try `podman machine init` and `podman machine start` to manage a new Linux VM
[2025-10-15T09:42:53.823Z] debug: buildTestAya: Error: unable to connect to Podman socket: Get "http://d/v5.6.2/libpod/_ping": dial unix /run/podman/podman.sock: connect: connection refused
[2025-10-15T09:42:53.823Z] debug: buildTestAya: Cannot connect to Podman. Please verify your connection to the Linux system using `podman system connection list`, or try `podman machine init` and `podman machine start` to manage a new Linux VM
[2025-10-15T09:42:53.209Z] debug: buildTestAya: Cannot connect to Podman. Please verify your connection to the Linux system using `podman system connection list`, or try `podman machine init` and `podman machine start` to manage a new Linux VM
[2025-10-15T09:42:53.823Z] debug: buildTestAya: Error: unable to connect to Podman socket: Get "http://d/v5.6.2/libpod/_ping": dial unix /run/podman/podman.sock: connect: connection refused
[2025-10-15T09:42:53.823Z] debug: buildTestAya: Cannot connect to Podman. Please verify your connection to the Linux system using `podman system connection list`, or try `podman machine init` and `podman machine start` to manage a new Linux VM
[2025-10-15T09:42:53.823Z] debug: buildTestAya: Error: unable to connect to Podman socket: Get "http://d/v5.6.2/libpod/_ping": dial unix /run/podman/podman.sock: connect: connection refused
[2025-10-15T09:42:53.823Z] debug: buildTestAya: Cannot connect to Podman. Please verify your connection to the Linux system using `podman system connection list`, or try `podman machine init` and `podman machine start` to manage a new Linux VM
[2025-10-15T09:42:53.823Z] debug: buildTestAya: Error: unable to connect to Podman socket: Get "http://d/v5.6.2/libpod/_ping": dial unix /run/podman/podman.sock: connect: connection refused
[2025-10-15T09:42:53.823Z] debug: buildTestAya: Cannot connect to Podman. Please verify your connection to the Linux system using `podman system connection list`, or try `podman machine init` and `podman machine start` to manage a new Linux VM
[2025-10-15T09:42:53.824Z] debug: buildTestAya: Error: unable to connect to Podman socket: Get "http://d/v5.6.2/libpod/_ping": dial unix /run/podman/podman.sock: connect: connection refused
[2025-10-15T09:42:54.434Z] debug: buildTestAya: Error: unable to connect to Podman socket: Get "http://d/v5.6.2/libpod/_ping": dial unix /run/podman/podman.sock: connect: connection refused
[2025-10-15T09:42:54.434Z] debug: buildTestAya: Cannot connect to Podman. Please verify your connection to the Linux system using `podman system connection list`, or try `podman machine init` and `podman machine start` to manage a new Linux VM
[2025-10-15T09:42:55.048Z] debug: buildTestAya: Error: unable to connect to Podman socket: Get "http://d/v5.6.2/libpod/_ping": dial unix /run/podman/podman.sock: connect: connection refused
[2025-10-15T09:42:55.048Z] debug: buildTestAya: Cannot connect to Podman. Please verify your connection to the Linux system using `podman system connection list`, or try `podman machine init` and `podman machine start` to manage a new Linux VM
[2025-10-15T09:42:55.661Z] debug: buildTestAya: Error: unable to connect to Podman socket: Get "http://d/v5.6.2/libpod/_ping": dial unix /run/podman/podman.sock: connect: connection refused
[2025-10-15T09:42:55.661Z] debug: buildTestAya: Cannot connect to Podman. Please verify your connection to the Linux system using `podman system connection list`, or try `podman machine init` and `podman machine start` to manage a new Linux VM
[2025-10-15T09:42:55.661Z] debug: buildTestAya: Error: unable to connect to Podman socket: Get "http://d/v5.6.2/libpod/_ping": dial unix /run/podman/podman.sock: connect: connection refused
[2025-10-15T09:42:56.271Z] debug: buildTestAya: Cannot connect to Podman. Please verify your connection to the Linux system using `podman system connection list`, or try `podman machine init` and `podman machine start` to manage a new Linux VM
[2025-10-15T09:42:56.271Z] debug: buildTestAya: Error: unable to connect to Podman socket: Get "http://d/v5.6.2/libpod/_ping": dial unix /run/podman/podman.sock: connect: connection refused
[2025-10-15T09:42:56.936Z] debug: buildTestAya: Cannot connect to Podman. Please verify your connection to the Linux system using `podman system connection list`, or try `podman machine init` and `podman machine start` to manage a new Linux VM
[2025-10-15T09:42:57.551Z] debug: buildTestAya: Error: unable to connect to Podman socket: Get "http://d/v5.6.2/libpod/_ping": dial unix /run/podman/podman.sock: connect: connection refused
[2025-10-15T09:42:57.551Z] debug: buildTestAya: Cannot connect to Podman. Please verify your connection to the Linux system using `podman system connection list`, or try `podman machine init` and `podman machine start` to manage a new Linux VM
[2025-10-15T09:42:58.165Z] debug: buildTestAya: Error: unable to connect to Podman socket: Get "http://d/v5.6.2/libpod/_ping": dial unix /run/podman/podman.sock: connect: connection refused
[2025-10-15T09:42:58.165Z] debug: buildTestAya: Cannot connect to Podman. Please verify your connection to the Linux system using `podman system connection list`, or try `podman machine init` and `podman machine start` to manage a new Linux VM
[2025-10-15T09:42:58.165Z] debug: buildTestAya: Error: unable to connect to Podman socket: Get "http://d/v5.6.2/libpod/_ping": dial unix /run/podman/podman.sock: connect: connection refused
[2025-10-15T09:42:58.167Z] error: GitHub API: relative URL without a base
